<?xml version="1.0" encoding="UTF-8"?>
<testsuite name="com.dailyserviceapp.billing.CustomerLedgerCalculatorTest" tests="4" skipped="0" failures="0" errors="0" timestamp="2026-03-24T10:20:54.198Z" hostname="Oms-MacBook-Air-2.local" time="0.01">
  <properties/>
  <testcase name="calculate_withPartialPayment_setsOutstandingAndDueDates" classname="com.dailyserviceapp.billing.CustomerLedgerCalculatorTest" time="0.008"/>
  <testcase name="calculate_withOverpayment_clampsOutstandingToZero" classname="com.dailyserviceapp.billing.CustomerLedgerCalculatorTest" time="0.001"/>
  <testcase name="calculate_withNoPayments_setsDueFromAsFirstServiceDate" classname="com.dailyserviceapp.billing.CustomerLedgerCalculatorTest" time="0.0"/>
  <testcase name="calculateEntryAmount_usesFallbackRateAndDefaultQuantity" classname="com.dailyserviceapp.billing.CustomerLedgerCalculatorTest" time="0.0"/>
  <system-out><![CDATA[]]></system-out>
  <system-err><![CDATA[]]></system-err>
</testsuite>
