<?xml version="1.0" encoding="UTF-8"?>
<testsuite name="com.dailyserviceapp.core.utils.CurrencyUtilsTest" tests="4" skipped="0" failures="0" errors="0" timestamp="2026-03-24T10:20:54.973Z" hostname="Oms-MacBook-Air-2.local" time="0.001">
  <properties/>
  <testcase name="roundAndTaxHelpers_returnExpectedValues" classname="com.dailyserviceapp.core.utils.CurrencyUtilsTest" time="0.0"/>
  <testcase name="parseCurrency_invalidInputReturnsZero" classname="com.dailyserviceapp.core.utils.CurrencyUtilsTest" time="0.0"/>
  <testcase name="parseCurrency_parsesRupeeAndCommaFormats" classname="com.dailyserviceapp.core.utils.CurrencyUtilsTest" time="0.0"/>
  <testcase name="formatCompactCurrency_usesKAndLNotation" classname="com.dailyserviceapp.core.utils.CurrencyUtilsTest" time="0.001"/>
  <system-out><![CDATA[]]></system-out>
  <system-err><![CDATA[]]></system-err>
</testsuite>
